22:01:40.283 [main] INFO  com.solvd.connectionpool.Main - Thread 0 is waiting for a connection.
22:01:40.286 [main] INFO  com.solvd.connectionpool.Main - Thread 1 is waiting for a connection.
22:01:40.287 [main] INFO  com.solvd.connectionpool.Main - Thread 2 is waiting for a connection.
22:01:40.287 [main] INFO  com.solvd.connectionpool.Main - Thread 3 is waiting for a connection.
22:01:40.296 [pool-2-thread-1] INFO  com.solvd.connectionpool.Connection - Thread executing connection 1
22:01:40.296 [pool-2-thread-3] INFO  com.solvd.connectionpool.Connection - Thread executing connection 3
22:01:40.296 [pool-2-thread-4] INFO  com.solvd.connectionpool.Connection - Thread executing connection 4
22:01:40.297 [pool-2-thread-3] INFO  com.solvd.connectionpool.Connection - Executing query 'SELECT * FROM table' on connection 3
22:01:40.297 [pool-2-thread-1] INFO  com.solvd.connectionpool.Connection - Executing query 'SELECT * FROM table' on connection 1
22:01:40.296 [pool-2-thread-2] INFO  com.solvd.connectionpool.Connection - Thread executing connection 2
22:01:40.297 [pool-2-thread-4] INFO  com.solvd.connectionpool.Connection - Executing query 'SELECT * FROM table' on connection 4
22:01:40.298 [pool-2-thread-3] INFO  com.solvd.connectionpool.Connection - Query result: true
22:01:40.298 [pool-2-thread-4] INFO  com.solvd.connectionpool.Connection - Query result: true
22:01:40.298 [pool-2-thread-2] INFO  com.solvd.connectionpool.Connection - Executing query 'SELECT * FROM table' on connection 2
22:01:40.298 [pool-2-thread-1] INFO  com.solvd.connectionpool.Connection - Query result: true
22:01:40.298 [pool-2-thread-2] INFO  com.solvd.connectionpool.Connection - Query result: true
22:01:41.288 [pool-2-thread-1] INFO  com.solvd.connectionpool.Connection - Thread executing connection 6
22:01:41.288 [pool-2-thread-2] INFO  com.solvd.connectionpool.Connection - Thread executing connection 7
22:01:41.288 [pool-2-thread-3] INFO  com.solvd.connectionpool.Connection - Thread executing connection 5
22:01:41.288 [pool-2-thread-1] INFO  com.solvd.connectionpool.Connection - Executing query 'SELECT * FROM table' on connection 6
22:01:41.288 [pool-2-thread-4] INFO  com.solvd.connectionpool.Connection - Thread executing connection 8
22:01:41.288 [pool-2-thread-3] INFO  com.solvd.connectionpool.Connection - Executing query 'SELECT * FROM table' on connection 5
22:01:41.288 [pool-2-thread-1] INFO  com.solvd.connectionpool.Connection - Query result: false
22:01:41.288 [pool-2-thread-4] INFO  com.solvd.connectionpool.Connection - Executing query 'SELECT * FROM table' on connection 8
22:01:41.288 [pool-2-thread-2] INFO  com.solvd.connectionpool.Connection - Executing query 'SELECT * FROM table' on connection 7
22:01:41.288 [pool-2-thread-3] INFO  com.solvd.connectionpool.Connection - Query result: true
22:01:41.288 [pool-2-thread-4] INFO  com.solvd.connectionpool.Connection - Query result: true
22:01:41.288 [pool-2-thread-2] INFO  com.solvd.connectionpool.Connection - Query result: false
22:03:28.125 [main] INFO  com.solvd.connectionpool.Main - Thread 0 is waiting for a connection.
22:03:28.128 [main] INFO  com.solvd.connectionpool.Main - Thread 1 is waiting for a connection.
22:03:28.128 [main] INFO  com.solvd.connectionpool.Main - Thread 2 is waiting for a connection.
22:03:28.128 [main] INFO  com.solvd.connectionpool.Main - Thread 3 is waiting for a connection.
22:03:28.135 [pool-2-thread-1] INFO  com.solvd.connectionpool.Connection - Thread executing connection 1
22:03:28.135 [pool-2-thread-2] INFO  com.solvd.connectionpool.Connection - Thread executing connection 2
22:03:28.135 [pool-2-thread-4] INFO  com.solvd.connectionpool.Connection - Thread executing connection 4
22:03:28.135 [pool-2-thread-3] INFO  com.solvd.connectionpool.Connection - Thread executing connection 3
22:03:28.136 [pool-2-thread-2] INFO  com.solvd.connectionpool.Connection - Executing query 'SELECT * FROM table' on connection 2
22:03:28.136 [pool-2-thread-4] INFO  com.solvd.connectionpool.Connection - Executing query 'SELECT * FROM table' on connection 4
22:03:28.136 [pool-2-thread-3] INFO  com.solvd.connectionpool.Connection - Executing query 'SELECT * FROM table' on connection 3
22:03:28.136 [pool-2-thread-1] INFO  com.solvd.connectionpool.Connection - Executing query 'SELECT * FROM table' on connection 1
22:03:28.137 [pool-2-thread-1] INFO  com.solvd.connectionpool.Connection - Query result: false
22:03:28.137 [pool-2-thread-3] INFO  com.solvd.connectionpool.Connection - Query result: true
22:03:28.137 [pool-2-thread-2] INFO  com.solvd.connectionpool.Connection - Query result: false
22:03:28.137 [pool-2-thread-4] INFO  com.solvd.connectionpool.Connection - Query result: false
22:03:29.135 [pool-2-thread-3] INFO  com.solvd.connectionpool.Connection - Thread executing connection 5
22:03:29.135 [pool-2-thread-2] INFO  com.solvd.connectionpool.Connection - Thread executing connection 6
22:03:29.135 [pool-2-thread-4] INFO  com.solvd.connectionpool.Connection - Thread executing connection 8
22:03:29.135 [pool-2-thread-1] INFO  com.solvd.connectionpool.Connection - Thread executing connection 7
22:03:29.135 [pool-2-thread-3] INFO  com.solvd.connectionpool.Connection - Executing query 'SELECT * FROM table' on connection 5
22:03:29.135 [pool-2-thread-2] INFO  com.solvd.connectionpool.Connection - Executing query 'SELECT * FROM table' on connection 6
22:03:29.135 [pool-2-thread-3] INFO  com.solvd.connectionpool.Connection - Query result: false
22:03:29.135 [pool-2-thread-4] INFO  com.solvd.connectionpool.Connection - Executing query 'SELECT * FROM table' on connection 8
22:03:29.135 [pool-2-thread-1] INFO  com.solvd.connectionpool.Connection - Executing query 'SELECT * FROM table' on connection 7
22:03:29.135 [pool-2-thread-2] INFO  com.solvd.connectionpool.Connection - Query result: true
22:03:29.135 [pool-2-thread-4] INFO  com.solvd.connectionpool.Connection - Query result: true
22:03:29.135 [pool-2-thread-1] INFO  com.solvd.connectionpool.Connection - Query result: true
22:07:58.014 [main] INFO  com.solvd.connectionpool.Main - Thread 0 is waiting for a connection.
22:07:58.017 [main] INFO  com.solvd.connectionpool.Main - Thread 1 is waiting for a connection.
22:07:58.017 [main] INFO  com.solvd.connectionpool.Main - Thread 2 is waiting for a connection.
22:07:58.017 [main] INFO  com.solvd.connectionpool.Main - Thread 3 is waiting for a connection.
22:07:58.025 [pool-2-thread-2] INFO  com.solvd.connectionpool.Connection - Thread executing connection 2
22:07:58.025 [pool-2-thread-1] INFO  com.solvd.connectionpool.Connection - Thread executing connection 1
22:07:58.025 [pool-2-thread-3] INFO  com.solvd.connectionpool.Connection - Thread executing connection 3
22:07:58.025 [pool-2-thread-4] INFO  com.solvd.connectionpool.Connection - Thread executing connection 4
22:07:58.026 [pool-2-thread-2] INFO  com.solvd.connectionpool.Connection - Executing query 'SELECT * FROM table' on connection 2
22:07:58.026 [pool-2-thread-3] INFO  com.solvd.connectionpool.Connection - Executing query 'SELECT * FROM table' on connection 3
22:07:58.026 [pool-2-thread-1] INFO  com.solvd.connectionpool.Connection - Executing query 'SELECT * FROM table' on connection 1
22:07:58.026 [pool-2-thread-4] INFO  com.solvd.connectionpool.Connection - Executing query 'SELECT * FROM table' on connection 4
22:07:58.026 [pool-2-thread-2] INFO  com.solvd.connectionpool.Connection - Query result: false
22:07:58.026 [pool-2-thread-4] INFO  com.solvd.connectionpool.Connection - Query result: false
22:07:58.026 [pool-2-thread-3] INFO  com.solvd.connectionpool.Connection - Query result: false
22:07:58.026 [pool-2-thread-1] INFO  com.solvd.connectionpool.Connection - Query result: true
22:07:59.020 [pool-2-thread-3] INFO  com.solvd.connectionpool.Connection - Thread executing connection 6
22:07:59.020 [pool-2-thread-1] INFO  com.solvd.connectionpool.Connection - Thread executing connection 8
22:07:59.020 [pool-2-thread-4] INFO  com.solvd.connectionpool.Connection - Thread executing connection 7
22:07:59.020 [pool-2-thread-2] INFO  com.solvd.connectionpool.Connection - Thread executing connection 5
22:07:59.020 [pool-2-thread-3] INFO  com.solvd.connectionpool.Connection - Executing query 'SELECT * FROM table' on connection 6
22:07:59.020 [pool-2-thread-1] INFO  com.solvd.connectionpool.Connection - Executing query 'SELECT * FROM table' on connection 8
22:07:59.020 [pool-2-thread-4] INFO  com.solvd.connectionpool.Connection - Executing query 'SELECT * FROM table' on connection 7
22:07:59.020 [pool-2-thread-3] INFO  com.solvd.connectionpool.Connection - Query result: false
22:07:59.020 [pool-2-thread-2] INFO  com.solvd.connectionpool.Connection - Executing query 'SELECT * FROM table' on connection 5
22:07:59.020 [pool-2-thread-4] INFO  com.solvd.connectionpool.Connection - Query result: false
22:07:59.020 [pool-2-thread-1] INFO  com.solvd.connectionpool.Connection - Query result: false
22:07:59.020 [pool-2-thread-2] INFO  com.solvd.connectionpool.Connection - Query result: false
22:24:37.028 [main] INFO  com.solvd.university.Main - ********Hello, Welcome to our University system********
22:24:37.031 [main] INFO  com.solvd.university.Main - *******************************************************
22:24:37.031 [main] INFO  com.solvd.university.Main - Our Current System has the below Universities Available for Review
22:24:37.039 [main] INFO  com.solvd.university.Main - Hi JohnPlease input your reading, writing and math scores
22:24:37.039 [main] INFO  com.solvd.university.Main - To see what schools you qaulify for
22:24:37.040 [main] INFO  com.solvd.university.Main - Your calculated entry score is 81
22:24:37.040 [main] INFO  com.solvd.university.Main - Your qualifying schools are: 
22:24:37.040 [main] INFO  com.solvd.university.Main - Please select from below options: 
22:24:37.040 [main] INFO  com.solvd.university.Main - 1: Browse Universities on file
22:24:48.259 [main] INFO  com.solvd.university.Main - ********Hello, Welcome to our University system********
22:24:48.262 [main] INFO  com.solvd.university.Main - *******************************************************
22:24:48.262 [main] INFO  com.solvd.university.Main - Our Current System has the below Universities Available for Review
22:24:48.269 [main] INFO  com.solvd.university.Main - Hi JohnPlease input your reading, writing and math scores
22:24:48.269 [main] INFO  com.solvd.university.Main - To see what schools you qaulify for
22:24:48.270 [main] INFO  com.solvd.university.Main - Your calculated entry score is 81
22:24:48.270 [main] INFO  com.solvd.university.Main - Your qualifying schools are: 
22:24:48.270 [main] INFO  com.solvd.university.Main - Please select from below options: 
22:24:48.270 [main] INFO  com.solvd.university.Main - 1: Browse Universities on file
22:25:18.990 [main] INFO  com.solvd.university.Main - ********Hello, Welcome to our University system********
22:25:18.993 [main] INFO  com.solvd.university.Main - *******************************************************
22:25:18.993 [main] INFO  com.solvd.university.Main - Our Current System has the below Universities Available for Review
22:25:19.000 [main] INFO  com.solvd.university.Main - Hi JohnPlease input your reading, writing and math scores
22:25:19.000 [main] INFO  com.solvd.university.Main - To see what schools you qaulify for
22:25:19.001 [main] INFO  com.solvd.university.Main - Your calculated entry score is 81
22:25:19.001 [main] INFO  com.solvd.university.Main - Your qualifying schools are: 
22:25:19.001 [main] INFO  com.solvd.university.Main - Please select from below options: 
22:25:19.001 [main] INFO  com.solvd.university.Main - 1: Browse Universities on file
22:25:40.088 [main] INFO  com.solvd.university.Main - ********Hello, Welcome to our University system********
22:25:40.091 [main] INFO  com.solvd.university.Main - *******************************************************
22:25:40.091 [main] INFO  com.solvd.university.Main - Our Current System has the below Universities Available for Review
22:25:40.099 [main] INFO  com.solvd.university.Main - Hi John Please input your reading, writing and math scores
22:25:40.099 [main] INFO  com.solvd.university.Main - To see what schools you qaulify for
22:25:40.100 [main] INFO  com.solvd.university.Main - Your calculated entry score is 81
22:25:40.100 [main] INFO  com.solvd.university.Main - Your qualifying schools are: 
22:25:40.101 [main] INFO  com.solvd.university.Main - Please select from below options: 
22:25:40.101 [main] INFO  com.solvd.university.Main - 1: Browse Universities on file
22:27:24.436 [main] INFO  com.solvd.university.Main - ********Hello, Welcome to our University system********
22:27:24.439 [main] INFO  com.solvd.university.Main - *******************************************************
22:27:24.439 [main] INFO  com.solvd.university.Main - Our Current System has the below Universities Available for Review
22:27:24.445 [main] INFO  com.solvd.university.Main - Hi John Please input your reading, writing and math scores
22:27:24.445 [main] INFO  com.solvd.university.Main - To see what schools you qaulify for
22:27:24.445 [main] INFO  com.solvd.university.Main - ***EMULATED INPUT***
22:27:24.445 [main] INFO  com.solvd.university.Main - 90, 98, 90
22:27:24.446 [main] INFO  com.solvd.university.Main - Your calculated entry score is 92
22:27:24.446 [main] INFO  com.solvd.university.Main - Your qualifying schools are: 
22:27:24.446 [main] INFO  com.solvd.university.Main - 1: Cal State Long Beach
22:27:24.447 [main] INFO  com.solvd.university.Main - 2: Cal State San Diego
22:27:24.447 [main] INFO  com.solvd.university.Main - 3: Cal State San Francisco
22:27:24.447 [main] INFO  com.solvd.university.Main - 4: Cal State Fresno
22:27:24.447 [main] INFO  com.solvd.university.Main - 5: CalTech
22:27:24.447 [main] INFO  com.solvd.university.Main - Please select from below options: 
22:27:24.447 [main] INFO  com.solvd.university.Main - 1: Browse Universities on file
22:28:44.891 [main] INFO  com.solvd.university.Main - ********Hello, Welcome to our University system********
22:28:44.893 [main] INFO  com.solvd.university.Main - *******************************************************
22:28:44.894 [main] INFO  com.solvd.university.Main - Our Current System has the below Universities Available for Review
22:28:44.901 [main] INFO  com.solvd.university.Main - Hi John Please input your reading, writing and math scores
22:28:44.901 [main] INFO  com.solvd.university.Main - To see what schools you qaulify for
22:28:44.901 [main] INFO  com.solvd.university.Main - ***EMULATED INPUT***
22:28:44.901 [main] INFO  com.solvd.university.Main - 90, 98, 90
22:28:44.902 [main] INFO  com.solvd.university.Main - Your calculated entry score is 92
22:28:44.902 [main] INFO  com.solvd.university.Main - Your qualifying schools are: 
22:28:44.902 [main] INFO  com.solvd.university.Main - 1: Cal State Long Beach
22:28:44.903 [main] INFO  com.solvd.university.Main - 2: Cal State San Diego
22:28:44.903 [main] INFO  com.solvd.university.Main - 3: Cal State San Francisco
22:28:44.903 [main] INFO  com.solvd.university.Main - 4: Cal State Fresno
22:28:44.903 [main] INFO  com.solvd.university.Main - 5: CalTech
22:28:44.903 [main] INFO  com.solvd.university.Main - Please select from below options: 
22:28:44.903 [main] INFO  com.solvd.university.Main - 1: Browse Universities on file
